1517566566461:help
1517566577134:load-ecmwf
1517567379120:load-ecmqf
1517567383839:help
1517567388128:load-ecmwf
1517570072071:stacktrace
1517570092169:load-ecmwf
1517570127441:load-ecmwf file E:/wrfout_d03_2017-07-13_12_00_00
1517570155681:load-ecmwf file E:\\\\wrfout_d03_2017-07-13_12_00_00
1517570205931:load-ecmwf
1517824044562:stacktrace
1517824064430:load-ecmwf
1517824318134:stacktrace
1517824360941:load-ecmwf
1517824369738:stacktrace
1517824427927:load-ecmwf
1517824437828:stacktrace
1517824463715:load-ecmwf
1517826241195:stacktrace
1517826327365:load-ecmwf
1517826333569:stacktrace
1517826373050:load-ecmwf
1517827043320:stacktrace
1517827147185:load-ecmwf
1517827155154:stacktrace
1517827222437:load-ecmwf
1517835056313:stacktrace
1517835218578:load-ecmwf
